<?xml version="1.0" encoding="UTF-8"?>
<testsuite name="| lagunita |" tests="3" skipped="1" failures="0" errors="0" timestamp="2021-05-24T01:33:14" hostname="DESKTOP-IN18SM9" time="27.305">
  <properties/>
  <testcase name="Given Que tenemos la api de cervecerias" classname="| lagunita |" time="0.0"/>
  <testcase name="When Ejecutamos el servicio para buscar la cerverceria lagunita" classname="| lagunita |" time="0.0"/>
  <testcase name="classMethod" classname="| lagunita |" time="27.569">
    <skipped/>
  </testcase>
  <system-out><![CDATA[]]></system-out>
  <system-err><![CDATA[]]></system-err>
</testsuite>
